#
# There is insufficient memory for the Java Runtime Environment to continue.
# Native memory allocation (mmap) failed to map 117440512 bytes for G1 virtual space
# Possible reasons:
#   The system is out of physical RAM or swap space
#   The process is running with CompressedOops enabled, and the Java Heap may be blocking the growth of the native heap
# Possible solutions:
#   Reduce memory load on the system
#   Increase physical memory or swap space
#   Check if swap backing store is full
#   Decrease Java heap size (-Xmx/-Xms)
#   Decrease number of Java threads
#   Decrease Java thread stack sizes (-Xss)
#   Set larger code cache with -XX:ReservedCodeCacheSize=
#   JVM is running with Unscaled Compressed Oops mode in which the Java heap is
#     placed in the first 4GB address space. The Java Heap base address is the
#     maximum limit for the native heap growth. Please use -XX:HeapBaseMinAddress
#     to set the Java Heap base and to place the Java Heap above 4GB virtual address.
# This output file may be truncated or incomplete.
#
#  Out of Memory Error (os_windows.cpp:3466), pid=36268, tid=39560
#
# JRE version:  (16.0.2+7) (build )
# Java VM: Java HotSpot(TM) 64-Bit Server VM (16.0.2+7-67, mixed mode, sharing, tiered, compressed oops, compressed class ptrs, g1 gc, windows-amd64)
# No core dump will be written. Minidumps are not enabled by default on client versions of Windows
#

---------------  S U M M A R Y ------------

Command Line: -javaagent:C:\Program Files\JetBrains\IntelliJ IDEA Community Edition 2021.3.1\lib\idea_rt.jar=49435:C:\Program Files\JetBrains\IntelliJ IDEA Community Edition 2021.3.1\bin -Dfile.encoding=UTF-8 Main.ui.Test

Host: AMD Ryzen 5 2500U with Radeon Vega Mobile Gfx  , 8 cores, 6G,  Windows 10 , 64 bit Build 19041 (10.0.19041.1466)
Time: Wed Feb  2 12:47:05 2022 Pacific Standard Time elapsed time: 0.051887 seconds (0d 0h 0m 0s)

---------------  T H R E A D  ---------------

Current thread (0x0000020c4196a8a0):  JavaThread "Unknown thread" [_thread_in_vm, id=39560, stack(0x000000150fe00000,0x000000150ff00000)]

Stack: [0x000000150fe00000,0x000000150ff00000]
Native frames: (J=compiled Java code, j=interpreted, Vv=VM code, C=native code)
V  [jvm.dll+0x6681ca]
V  [jvm.dll+0x7c9e69]
V  [jvm.dll+0x7cb61e]
V  [jvm.dll+0x7cbc73]
V  [jvm.dll+0x242c55]
V  [jvm.dll+0x664f89]
V  [jvm.dll+0x659b75]
V  [jvm.dll+0x2fbfbb]
V  [jvm.dll+0x3031b6]
V  [jvm.dll+0x35299e]
V  [jvm.dll+0x352bcf]
V  [jvm.dll+0x2d3028]
V  [jvm.dll+0x2d4264]
V  [jvm.dll+0x79c741]
V  [jvm.dll+0x360791]
V  [jvm.dll+0x77a3f0]
V  [jvm.dll+0x3e4e8f]
V  [jvm.dll+0x3e6961]
C  [jli.dll+0x52fb]
C  [ucrtbase.dll+0x21bb2]
C  [KERNEL32.DLL+0x17034]
C  [ntdll.dll+0x52651]


---------------  P R O C E S S  ---------------

Threads class SMR info:
_java_thread_list=0x00007ffcfe1acbb8, length=0, elements={
}

Java Threads: ( => current thread )

Other Threads:
  0x0000020c419a9730 GCTaskThread "GC Thread#0" [stack: 0x000000150ff00000,0x0000001510000000] [id=50044]
  0x0000020c419b8500 ConcurrentGCThread "G1 Main Marker" [stack: 0x0000001510000000,0x0000001510100000] [id=45704]
  0x0000020c419b9620 ConcurrentGCThread "G1 Conc#0" [stack: 0x0000001510100000,0x0000001510200000] [id=46532]

[error occurred during error reporting (printing all threads), id 0xc0000005, EXCEPTION_ACCESS_VIOLATION (0xc0000005) at pc=0x00007ffcfd983ee7]

VM state: not at safepoint (not fully initialized)

VM Mutex/Monitor currently owned by a thread:  ([mutex/lock_event])
[0x0000020c41966900] Heap_lock - owner thread: 0x0000020c4196a8a0

Heap address: 0x0000000090c00000, size: 1780 MB, Compressed Oops mode: 32-bit

CDS archive(s) mapped at: [0x0000000000000000-0x0000000000000000-0x0000000000000000), size 0, SharedBaseAddress: 0x0000000800000000, ArchiveRelocationMode: 0.
Narrow klass base: 0x0000000000000000, Narrow klass shift: 0, Narrow klass range: 0x0

GC Precious Log:
<Empty>

Heap:
 garbage-first heap   total 0K, used 0K [0x0000000090c00000, 0x0000000100000000)
  region size 1024K, 0 young (0K), 0 survivors (0K)

[error occurred during error reporting (printing heap information), id 0xc0000005, EXCEPTION_ACCESS_VIOLATION (0xc0000005) at pc=0x00007ffcfdd61eed]

GC Heap History (0 events):
No events

Deoptimization events (0 events):
No events

Classes unloaded (0 events):
No events

Classes redefined (0 events):
No events

Internal exceptions (0 events):
No events

Events (1 events):
Event: 0.034 Loaded shared library C:\Program Files\Java\jdk-16.0.2\bin\java.dll


Dynamic libraries:
0x00007ff757260000 - 0x00007ff757270000 	C:\Program Files\Java\jdk-16.0.2\bin\java.exe
0x00007ffd327b0000 - 0x00007ffd329a5000 	C:\WINDOWS\SYSTEM32\ntdll.dll
0x00007ffd30b50000 - 0x00007ffd30c0e000 	C:\WINDOWS\System32\KERNEL32.DLL
0x00007ffd30070000 - 0x00007ffd30338000 	C:\WINDOWS\System32\KERNELBASE.dll
0x00007ffd2fef0000 - 0x00007ffd2fff0000 	C:\WINDOWS\System32\ucrtbase.dll
0x00007ffd2b620000 - 0x00007ffd2b638000 	C:\Program Files\Java\jdk-16.0.2\bin\jli.dll
0x00007ffd326b0000 - 0x00007ffd3275e000 	C:\WINDOWS\System32\ADVAPI32.dll
0x00007ffd2b640000 - 0x00007ffd2b659000 	C:\Program Files\Java\jdk-16.0.2\bin\VCRUNTIME140.dll
0x00007ffd30c10000 - 0x00007ffd30cae000 	C:\WINDOWS\System32\msvcrt.dll
0x00007ffd32360000 - 0x00007ffd323fc000 	C:\WINDOWS\System32\sechost.dll
0x00007ffd307f0000 - 0x00007ffd30915000 	C:\WINDOWS\System32\RPCRT4.dll
0x00007ffd30ef0000 - 0x00007ffd31091000 	C:\WINDOWS\System32\USER32.dll
0x00007ffd30040000 - 0x00007ffd30062000 	C:\WINDOWS\System32\win32u.dll
0x00007ffd1ee80000 - 0x00007ffd1f11a000 	C:\WINDOWS\WinSxS\amd64_microsoft.windows.common-controls_6595b64144ccf1df_6.0.19041.1110_none_60b5254171f9507e\COMCTL32.dll
0x00007ffd325c0000 - 0x00007ffd325eb000 	C:\WINDOWS\System32\GDI32.dll
0x00007ffd306e0000 - 0x00007ffd307ed000 	C:\WINDOWS\System32\gdi32full.dll
0x00007ffd304e0000 - 0x00007ffd3057d000 	C:\WINDOWS\System32\msvcp_win.dll
0x00007ffd276c0000 - 0x00007ffd276ca000 	C:\WINDOWS\SYSTEM32\VERSION.dll
0x00007ffd30cb0000 - 0x00007ffd30ce0000 	C:\WINDOWS\System32\IMM32.DLL
0x00007ffd2ccd0000 - 0x00007ffd2ccdc000 	C:\Program Files\Java\jdk-16.0.2\bin\vcruntime140_1.dll
0x00007ffd13970000 - 0x00007ffd13a01000 	C:\Program Files\Java\jdk-16.0.2\bin\msvcp140.dll
0x00007ffcfd6a0000 - 0x00007ffcfe24b000 	C:\Program Files\Java\jdk-16.0.2\bin\server\jvm.dll
0x00007ffd32540000 - 0x00007ffd32548000 	C:\WINDOWS\System32\PSAPI.DLL
0x00007ffd25120000 - 0x00007ffd25147000 	C:\WINDOWS\SYSTEM32\WINMM.dll
0x00007ffd2c430000 - 0x00007ffd2c439000 	C:\WINDOWS\SYSTEM32\WSOCK32.dll
0x00007ffd32550000 - 0x00007ffd325bb000 	C:\WINDOWS\System32\WS2_32.dll
0x00007ffd2ddb0000 - 0x00007ffd2ddc2000 	C:\WINDOWS\SYSTEM32\kernel.appcore.dll
0x00007ffd2a7d0000 - 0x00007ffd2a7da000 	C:\Program Files\Java\jdk-16.0.2\bin\jimage.dll
0x00007ffd1b150000 - 0x00007ffd1b334000 	C:\WINDOWS\SYSTEM32\DBGHELP.DLL
0x00007ffd19a10000 - 0x00007ffd19a3c000 	C:\WINDOWS\SYSTEM32\dbgcore.DLL
0x00007ffd30450000 - 0x00007ffd304d2000 	C:\WINDOWS\System32\bcryptPrimitives.dll
0x00007ffd2a610000 - 0x00007ffd2a61e000 	C:\Program Files\Java\jdk-16.0.2\bin\instrument.dll
0x00007ffd2a7a0000 - 0x00007ffd2a7c5000 	C:\Program Files\Java\jdk-16.0.2\bin\java.dll

dbghelp: loaded successfully - version: 4.0.5 - missing functions: none
symbol engine: initialized successfully - sym options: 0x614 - pdb path: .;C:\Program Files\Java\jdk-16.0.2\bin;C:\WINDOWS\SYSTEM32;C:\WINDOWS\WinSxS\amd64_microsoft.windows.common-controls_6595b64144ccf1df_6.0.19041.1110_none_60b5254171f9507e;C:\Program Files\Java\jdk-16.0.2\bin\server

VM Arguments:
jvm_args: -javaagent:C:\Program Files\JetBrains\IntelliJ IDEA Community Edition 2021.3.1\lib\idea_rt.jar=49435:C:\Program Files\JetBrains\IntelliJ IDEA Community Edition 2021.3.1\bin -Dfile.encoding=UTF-8 
java_command: Main.ui.Test
java_class_path (initial): C:\Users\Kaden Cowan\Desktop\Lab3\out\production\Lab3
Launcher Type: SUN_STANDARD

[Global flags]
     intx CICompilerCount                          = 4                                         {product} {ergonomic}
     uint ConcGCThreads                            = 2                                         {product} {ergonomic}
     uint G1ConcRefinementThreads                  = 8                                         {product} {ergonomic}
   size_t G1HeapRegionSize                         = 1048576                                   {product} {ergonomic}
    uintx GCDrainStackTargetSize                   = 64                                        {product} {ergonomic}
   size_t InitialHeapSize                          = 117440512                                 {product} {ergonomic}
   size_t MarkStackSize                            = 4194304                                   {product} {ergonomic}
   size_t MaxHeapSize                              = 1866465280                                {product} {ergonomic}
   size_t MinHeapDeltaBytes                        = 1048576                                   {product} {ergonomic}
   size_t MinHeapSize                              = 8388608                                   {product} {ergonomic}
    uintx NonNMethodCodeHeapSize                   = 5839372                                {pd product} {ergonomic}
    uintx NonProfiledCodeHeapSize                  = 122909434                              {pd product} {ergonomic}
    uintx ProfiledCodeHeapSize                     = 122909434                              {pd product} {ergonomic}
    uintx ReservedCodeCacheSize                    = 251658240                              {pd product} {ergonomic}
     bool SegmentedCodeCache                       = true                                      {product} {ergonomic}
   size_t SoftMaxHeapSize                          = 1866465280                             {manageable} {ergonomic}
     bool UseCompressedClassPointers               = true                           {product lp64_product} {ergonomic}
     bool UseCompressedOops                        = true                           {product lp64_product} {ergonomic}
     bool UseG1GC                                  = true                                      {product} {ergonomic}
     bool UseLargePagesIndividualAllocation        = false                                  {pd product} {ergonomic}

Logging:
Log output configuration:
 #0: stdout all=warning uptime,level,tags
 #1: stderr all=off uptime,level,tags

Environment Variables:
CLASSPATH=.;C:\Program Files (x86)\QuickTime\QTSystem\QTJava.zip
PATH=C:\Program Files\Common Files\Oracle\Java\javapath;C:\WINDOWS\system32;C:\WINDOWS;C:\WINDOWS\System32\Wbem;C:\WINDOWS\System32\WindowsPowerShell\v1.0\;C:\WINDOWS\System32\OpenSSH\;C:\Program Files\Intel\WiFi\bin\;C:\Program Files\Common Files\Intel\WirelessCommon\;C:\Program Files (x86)\QuickTime\QTSystem\;C:\Program Files\nodejs\;C:\Program Files\Git\cmd;C:\Users\Kaden Cowan\AppData\Local\Microsoft\WindowsApps;C:\Users\Kaden Cowan\AppData\Roaming\npm
USERNAME=Kaden Cowan
OS=Windows_NT
PROCESSOR_IDENTIFIER=AMD64 Family 23 Model 17 Stepping 0, AuthenticAMD



---------------  S Y S T E M  ---------------

OS:
 Windows 10 , 64 bit Build 19041 (10.0.19041.1466)
OS uptime: 14 days 0:58 hours

CPU: total 8 (initial active 8) (8 cores per cpu, 2 threads per core) family 23 model 17 stepping 0 microcode 0x0, cx8, cmov, fxsr, ht, mmx, 3dnowpref, sse, sse2, sse3, ssse3, sse4a, sse4.1, sse4.2, popcnt, lzcnt, tsc, tscinvbit, avx, avx2, aes, clmul, bmi1, bmi2, adx, sha, fma, vzeroupper, clflush, clflushopt

Memory: 4k page, system-wide physical 7117M (1150M free)
TotalPageFile size 28621M (AvailPageFile size 45M)
current process WorkingSet (physical memory assigned to process): 10M, peak: 10M
current process commit charge ("private bytes"): 60M, peak: 171M

vm_info: Java HotSpot(TM) 64-Bit Server VM (16.0.2+7-67) for windows-amd64 JRE (16.0.2+7-67), built on Jun  8 2021 23:24:19 by "mach5one" with MS VC++ 16.7 (VS2019)

END.
